{
  "meta": {
    "format": 3,
    "version": "7.16.1",
    "timestamp": "2026-09-25T12:54:24.951309",
    "branch_coverage": true,
    "show_contexts": false
  },
  "files": {
    "src/stallworth_nqueens/__init__.py": {
      "executed_lines": [],
      "summary": {
        "covered_lines": 0,
        "num_statements": 0,
        "percent_covered": 100.0,
        "percent_covered_display": "100",
        "missing_lines": 0,
        "excluded_lines": 0,
        "percent_statements_covered": 100.0,
        "percent_statements_covered_display": "100",
        "num_branches": 0,
        "num_partial_branches": 0,
        "covered_branches": 0,
        "missing_branches": 0,
        "percent_branches_covered": 100.0,
        "percent_branches_covered_display": "100"
      },
      "missing_lines": [],
      "excluded_lines": [],
      "executed_branches": [],
      "missing_branches": [],
      "functions": {
        "": {
          "executed_lines": [],
          "summary": {
            "covered_lines": 0,
            "num_statements": 0,
            "percent_covered": 100.0,
            "percent_covered_display": "100",
            "missing_lines": 0,
            "excluded_lines": 0,
            "percent_statements_covered": 100.0,
            "percent_statements_covered_display": "100",
            "num_branches": 0,
            "num_partial_branches": 0,
            "covered_branches": 0,
            "missing_branches": 0,
            "percent_branches_covered": 100.0,
            "percent_branches_covered_display": "100"
          },
          "missing_lines": [],
          "excluded_lines": [],
          "start_line": 1,
          "executed_branches": [],
          "missing_branches": []
        }
      },
      "classes": {
        "": {
          "executed_lines": [],
          "summary": {
            "covered_lines": 0,
            "num_statements": 0,
            "percent_covered": 100.0,
            "percent_covered_display": "100",
            "missing_lines": 0,
            "excluded_lines": 0,
            "percent_statements_covered": 100.0,
            "percent_statements_covered_display": "100",
            "num_branches": 0,
            "num_partial_branches": 0,
            "covered_branches": 0,
            "missing_branches": 0,
            "percent_branches_covered": 100.0,
            "percent_branches_covered_display": "100"
          },
          "missing_lines": [],
          "excluded_lines": [],
          "start_line": 1,
          "executed_branches": [],
          "missing_branches": []
        }
      }
    },
    "src/stallworth_nqueens/abstract/__init__.py": {
      "executed_lines": [],
      "summary": {
        "covered_lines": 0,
        "num_statements": 0,
        "percent_covered": 100.0,
        "percent_covered_display": "100",
        "missing_lines": 0,
        "excluded_lines": 0,
        "percent_statements_covered": 100.0,
        "percent_statements_covered_display": "100",
        "num_branches": 0,
        "num_partial_branches": 0,
        "covered_branches": 0,
        "missing_branches": 0,
        "percent_branches_covered": 100.0,
        "percent_branches_covered_display": "100"
      },
      "missing_lines": [],
      "excluded_lines": [],
      "executed_branches": [],
      "missing_branches": [],
      "functions": {
        "": {
          "executed_lines": [],
          "summary": {
            "covered_lines": 0,
            "num_statements": 0,
            "percent_covered": 100.0,
            "percent_covered_display": "100",
            "missing_lines": 0,
            "excluded_lines": 0,
            "percent_statements_covered": 100.0,
            "percent_statements_covered_display": "100",
            "num_branches": 0,
            "num_partial_branches": 0,
            "covered_branches": 0,
            "missing_branches": 0,
            "percent_branches_covered": 100.0,
            "percent_branches_covered_display": "100"
          },
          "missing_lines": [],
          "excluded_lines": [],
          "start_line": 1,
          "executed_branches": [],
          "missing_branches": []
        }
      },
      "classes": {
        "": {
          "executed_lines": [],
          "summary": {
            "covered_lines": 0,
            "num_statements": 0,
            "percent_covered": 100.0,
            "percent_covered_display": "100",
            "missing_lines": 0,
            "excluded_lines": 0,
            "percent_statements_covered": 100.0,
            "percent_statements_covered_display": "100",
            "num_branches": 0,
            "num_partial_branches": 0,
            "covered_branches": 0,
            "missing_branches": 0,
            "percent_branches_covered": 100.0,
            "percent_branches_covered_display": "100"
          },
          "missing_lines": [],
          "excluded_lines": [],
          "start_line": 1,
          "executed_branches": [],
          "missing_branches": []
        }
      }
    },
    "src/stallworth_nqueens/abstract/bitmask.py": {
      "executed_lines": [
        4,
        5,
        8,
        9,
        12,
        13
      ],
      "summary": {
        "covered_lines": 6,
        "num_statements": 6,
        "percent_covered": 100.0,
        "percent_covered_display": "100",
        "missing_lines": 0,
        "excluded_lines": 0,
        "percent_statements_covered": 100.0,
        "percent_statements_covered_display": "100",
        "num_branches": 0,
        "num_partial_branches": 0,
        "covered_branches": 0,
        "missing_branches": 0,
        "percent_branches_covered": 100.0,
        "percent_branches_covered_display": "100"
      },
      "missing_lines": [],
      "excluded_lines": [],
      "executed_branches": [],
      "missing_branches": [],
      "functions": {
        "full_mask": {
          "executed_lines": [
            5
          ],
          "summary": {
            "covered_lines": 1,
            "num_statements": 1,
            "percent_covered": 100.0,
            "percent_covered_display": "100",
            "missing_lines": 0,
            "excluded_lines": 0,
            "percent_statements_covered": 100.0,
            "percent_statements_covered_display": "100",
            "num_branches": 0,
            "num_partial_branches": 0,
            "covered_branches": 0,
            "missing_branches": 0,
            "percent_branches_covered": 100.0,
            "percent_branches_covered_display": "100"
          },
          "missing_lines": [],
          "excluded_lines": [],
          "start_line": 4,
          "executed_branches": [],
          "missing_branches": []
        },
        "available_positions": {
          "executed_lines": [
            9
          ],
          "summary": {
            "covered_lines": 1,
            "num_statements": 1,
            "percent_covered": 100.0,
            "percent_covered_display": "100",
            "missing_lines": 0,
            "excluded_lines": 0,
            "percent_statements_covered": 100.0,
            "percent_statements_covered_display": "100",
            "num_branches": 0,
            "num_partial_branches": 0,
            "covered_branches": 0,
            "missing_branches": 0,
            "percent_branches_covered": 100.0,
            "percent_branches_covered_display": "100"
          },
          "missing_lines": [],
          "excluded_lines": [],
          "start_line": 8,
          "executed_branches": [],
          "missing_branches": []
        },
        "next_state": {
          "executed_lines": [
            13
          ],
          "summary": {
            "covered_lines": 1,
            "num_statements": 1,
            "percent_covered": 100.0,
            "percent_covered_display": "100",
            "missing_lines": 0,
            "excluded_lines": 0,
            "percent_statements_covered": 100.0,
            "percent_statements_covered_display": "100",
            "num_branches": 0,
            "num_partial_branches": 0,
            "covered_branches": 0,
            "missing_branches": 0,
            "percent_branches_covered": 100.0,
            "percent_branches_covered_display": "100"
          },
          "missing_lines": [],
          "excluded_lines": [],
          "start_line": 12,
          "executed_branches": [],
          "missing_branches": []
        },
        "": {
          "executed_lines": [
            4,
            8,
            12
          ],
          "summary": {
            "covered_lines": 3,
            "num_statements": 3,
            "percent_covered": 100.0,
            "percent_covered_display": "100",
            "missing_lines": 0,
            "excluded_lines": 0,
            "percent_statements_covered": 100.0,
            "percent_statements_covered_display": "100",
            "num_branches": 0,
            "num_partial_branches": 0,
            "covered_branches": 0,
            "missing_branches": 0,
            "percent_branches_covered": 100.0,
            "percent_branches_covered_display": "100"
          },
          "missing_lines": [],
          "excluded_lines": [],
          "start_line": 1,
          "executed_branches": [],
          "missing_branches": []
        }
      },
      "classes": {
        "": {
          "executed_lines": [
            4,
            5,
            8,
            9,
            12,
            13
          ],
          "summary": {
            "covered_lines": 6,
            "num_statements": 6,
            "percent_covered": 100.0,
            "percent_covered_display": "100",
            "missing_lines": 0,
            "excluded_lines": 0,
            "percent_statements_covered": 100.0,
            "percent_statements_covered_display": "100",
            "num_branches": 0,
            "num_partial_branches": 0,
            "covered_branches": 0,
            "missing_branches": 0,
            "percent_branches_covered": 100.0,
            "percent_branches_covered_display": "100"
          },
          "missing_lines": [],
          "excluded_lines": [],
          "start_line": 1,
          "executed_branches": [],
          "missing_branches": []
        }
      }
    },
    "src/stallworth_nqueens/abstract/constraints.py": {
      "executed_lines": [
        4,
        6,
        9,
        11,
        14,
        16,
        23,
        32
      ],
      "summary": {
        "covered_lines": 8,
        "num_statements": 10,
        "percent_covered": 80.0,
        "percent_covered_display": "80",
        "missing_lines": 2,
        "excluded_lines": 0,
        "percent_statements_covered": 80.0,
        "percent_statements_covered_display": "80",
        "num_branches": 0,
        "num_partial_branches": 0,
        "covered_branches": 0,
        "missing_branches": 0,
        "percent_branches_covered": 100.0,
        "percent_branches_covered_display": "100"
      },
      "missing_lines": [
        25,
        34
      ],
      "excluded_lines": [],
      "executed_branches": [],
      "missing_branches": [],
      "functions": {
        "major_diagonal": {
          "executed_lines": [
            6
          ],
          "summary": {
            "covered_lines": 1,
            "num_statements": 1,
            "percent_covered": 100.0,
            "percent_covered_display": "100",
            "missing_lines": 0,
            "excluded_lines": 0,
            "percent_statements_covered": 100.0,
            "percent_statements_covered_display": "100",
            "num_branches": 0,
            "num_partial_branches": 0,
            "covered_branches": 0,
            "missing_branches": 0,
            "percent_branches_covered": 100.0,
            "percent_branches_covered_display": "100"
          },
          "missing_lines": [],
          "excluded_lines": [],
          "start_line": 4,
          "executed_branches": [],
          "missing_branches": []
        },
        "minor_diagonal": {
          "executed_lines": [
            11
          ],
          "summary": {
            "covered_lines": 1,
            "num_statements": 1,
            "percent_covered": 100.0,
            "percent_covered_display": "100",
            "missing_lines": 0,
            "excluded_lines": 0,
            "percent_statements_covered": 100.0,
            "percent_statements_covered_display": "100",
            "num_branches": 0,
            "num_partial_branches": 0,
            "covered_branches": 0,
            "missing_branches": 0,
            "percent_branches_covered": 100.0,
            "percent_branches_covered_display": "100"
          },
          "missing_lines": [],
          "excluded_lines": [],
          "start_line": 9,
          "executed_branches": [],
          "missing_branches": []
        },
        "is_safe": {
          "executed_lines": [
            16
          ],
          "summary": {
            "covered_lines": 1,
            "num_statements": 1,
            "percent_covered": 100.0,
            "percent_covered_display": "100",
            "missing_lines": 0,
            "excluded_lines": 0,
            "percent_statements_covered": 100.0,
            "percent_statements_covered_display": "100",
            "num_branches": 0,
            "num_partial_branches": 0,
            "covered_branches": 0,
            "missing_branches": 0,
            "percent_branches_covered": 100.0,
            "percent_branches_covered_display": "100"
          },
          "missing_lines": [],
          "excluded_lines": [],
          "start_line": 14,
          "executed_branches": [],
          "missing_branches": []
        },
        "place": {
          "executed_lines": [],
          "summary": {
            "covered_lines": 0,
            "num_statements": 1,
            "percent_covered": 0.0,
            "percent_covered_display": "0",
            "missing_lines": 1,
            "excluded_lines": 0,
            "percent_statements_covered": 0.0,
            "percent_statements_covered_display": "0",
            "num_branches": 0,
            "num_partial_branches": 0,
            "covered_branches": 0,
            "missing_branches": 0,
            "percent_branches_covered": 100.0,
            "percent_branches_covered_display": "100"
          },
          "missing_lines": [
            25
          ],
          "excluded_lines": [],
          "start_line": 23,
          "executed_branches": [],
          "missing_branches": []
        },
        "valid_columns": {
          "executed_lines": [],
          "summary": {
            "covered_lines": 0,
            "num_statements": 1,
            "percent_covered": 0.0,
            "percent_covered_display": "0",
            "missing_lines": 1,
            "excluded_lines": 0,
            "percent_statements_covered": 0.0,
            "percent_statements_covered_display": "0",
            "num_branches": 0,
            "num_partial_branches": 0,
            "covered_branches": 0,
            "missing_branches": 0,
            "percent_branches_covered": 100.0,
            "percent_branches_covered_display": "100"
          },
          "missing_lines": [
            34
          ],
          "excluded_lines": [],
          "start_line": 32,
          "executed_branches": [],
          "missing_branches": []
        },
        "": {
          "executed_lines": [
            4,
            9,
            14,
            23,
            32
          ],
          "summary": {
            "covered_lines": 5,
            "num_statements": 5,
            "percent_covered": 100.0,
            "percent_covered_display": "100",
            "missing_lines": 0,
            "excluded_lines": 0,
            "percent_statements_covered": 100.0,
            "percent_statements_covered_display": "100",
            "num_branches": 0,
            "num_partial_branches": 0,
            "covered_branches": 0,
            "missing_branches": 0,
            "percent_branches_covered": 100.0,
            "percent_branches_covered_display": "100"
          },
          "missing_lines": [],
          "excluded_lines": [],
          "start_line": 1,
          "executed_branches": [],
          "missing_branches": []
        }
      },
      "classes": {
        "": {
          "executed_lines": [
            4,
            6,
            9,
            11,
            14,
            16,
            23,
            32
          ],
          "summary": {
            "covered_lines": 8,
            "num_statements": 10,
            "percent_covered": 80.0,
            "percent_covered_display": "80",
            "missing_lines": 2,
            "excluded_lines": 0,
            "percent_statements_covered": 80.0,
            "percent_statements_covered_display": "80",
            "num_branches": 0,
            "num_partial_branches": 0,
            "covered_branches": 0,
            "missing_branches": 0,
            "percent_branches_covered": 100.0,
            "percent_branches_covered_display": "100"
          },
          "missing_lines": [
            25,
            34
          ],
          "excluded_lines": [],
          "start_line": 1,
          "executed_branches": [],
          "missing_branches": []
        }
      }
    },
    "src/stallworth_nqueens/benchmarking/__init__.py": {
      "executed_lines": [],
      "summary": {
        "covered_lines": 0,
        "num_statements": 0,
        "percent_covered": 100.0,
        "percent_covered_display": "100",
        "missing_lines": 0,
        "excluded_lines": 0,
        "percent_statements_covered": 100.0,
        "percent_statements_covered_display": "100",
        "num_branches": 0,
        "num_partial_branches": 0,
        "covered_branches": 0,
        "missing_branches": 0,
        "percent_branches_covered": 100.0,
        "percent_branches_covered_display": "100"
      },
      "missing_lines": [],
      "excluded_lines": [],
      "executed_branches": [],
      "missing_branches": [],
      "functions": {
        "": {
          "executed_lines": [],
          "summary": {
            "covered_lines": 0,
            "num_statements": 0,
            "percent_covered": 100.0,
            "percent_covered_display": "100",
            "missing_lines": 0,
            "excluded_lines": 0,
            "percent_statements_covered": 100.0,
            "percent_statements_covered_display": "100",
            "num_branches": 0,
            "num_partial_branches": 0,
            "covered_branches": 0,
            "missing_branches": 0,
            "percent_branches_covered": 100.0,
            "percent_branches_covered_display": "100"
          },
          "missing_lines": [],
          "excluded_lines": [],
          "start_line": 1,
          "executed_branches": [],
          "missing_branches": []
        }
      },
      "classes": {
        "": {
          "executed_lines": [],
          "summary": {
            "covered_lines": 0,
            "num_statements": 0,
            "percent_covered": 100.0,
            "percent_covered_display": "100",
            "missing_lines": 0,
            "excluded_lines": 0,
            "percent_statements_covered": 100.0,
            "percent_statements_covered_display": "100",
            "num_branches": 0,
            "num_partial_branches": 0,
            "covered_branches": 0,
            "missing_branches": 0,
            "percent_branches_covered": 100.0,
            "percent_branches_covered_display": "100"
          },
          "missing_lines": [],
          "excluded_lines": [],
          "start_line": 1,
          "executed_branches": [],
          "missing_branches": []
        }
      }
    },
    "src/stallworth_nqueens/benchmarking/adapter.py": {
      "executed_lines": [
        1,
        2,
        7,
        10,
        12,
        13,
        14,
        15,
        17,
        18,
        19,
        21,
        22,
        23,
        25,
        26,
        28,
        29,
        30,
        31,
        33,
        34,
        36,
        37,
        38,
        39,
        41,
        43,
        44,
        46,
        49,
        52,
        54,
        56,
        58,
        59,
        61,
        63,
        71,
        72,
        73,
        74,
        75,
        78,
        82,
        83,
        84,
        85,
        87,
        93,
        100,
        101,
        103,
        111,
        120,
        121,
        122,
        123,
        124,
        127,
        134,
        143,
        144,
        146
      ],
      "summary": {
        "covered_lines": 64,
        "num_statements": 68,
        "percent_covered": 94.31818181818181,
        "percent_covered_display": "94",
        "missing_lines": 4,
        "excluded_lines": 0,
        "percent_statements_covered": 94.11764705882354,
        "percent_statements_covered_display": "94",
        "num_branches": 20,
        "num_partial_branches": 1,
        "covered_branches": 19,
        "missing_branches": 1,
        "percent_branches_covered": 95.0,
        "percent_branches_covered_display": "95"
      },
      "missing_lines": [
        129,
        130,
        131,
        132
      ],
      "excluded_lines": [],
      "executed_branches": [
        [
          18,
          19
        ],
        [
          18,
          21
        ],
        [
          21,
          22
        ],
        [
          21,
          41
        ],
        [
          25,
          26
        ],
        [
          25,
          28
        ],
        [
          33,
          34
        ],
        [
          33,
          36
        ],
        [
          43,
          44
        ],
        [
          43,
          46
        ],
        [
          58,
          59
        ],
        [
          58,
          61
        ],
        [
          72,
          73
        ],
        [
          72,
          82
        ],
        [
          100,
          101
        ],
        [
          100,
          103
        ],
        [
          121,
          122
        ],
        [
          143,
          144
        ],
        [
          143,
          146
        ]
      ],
      "missing_branches": [
        [
          121,
          129
        ]
      ],
      "functions": {
        "find_sample_solution": {
          "executed_lines": [
            12,
            13,
            14,
            15,
            17,
            43,
            44,
            46
          ],
          "summary": {
            "covered_lines": 8,
            "num_statements": 8,
            "percent_covered": 100.0,
            "percent_covered_display": "100",
            "missing_lines": 0,
            "excluded_lines": 0,
            "percent_statements_covered": 100.0,
            "percent_statements_covered_display": "100",
            "num_branches": 2,
            "num_partial_branches": 0,
            "covered_branches": 2,
            "missing_branches": 0,
            "percent_branches_covered": 100.0,
            "percent_branches_covered_display": "100"
          },
          "missing_lines": [],
          "excluded_lines": [],
          "start_line": 10,
          "executed_branches": [
            [
              43,
              44
            ],
            [
              43,
              46
            ]
          ],
          "missing_branches": []
        },
        "find_sample_solution.backtrack": {
          "executed_lines": [
            18,
            19,
            21,
            22,
            23,
            25,
            26,
            28,
            29,
            30,
            31,
            33,
            34,
            36,
            37,
            38,
            39,
            41
          ],
          "summary": {
            "covered_lines": 18,
            "num_statements": 18,
            "percent_covered": 100.0,
            "percent_covered_display": "100",
            "missing_lines": 0,
            "excluded_lines": 0,
            "percent_statements_covered": 100.0,
            "percent_statements_covered_display": "100",
            "num_branches": 8,
            "num_partial_branches": 0,
            "covered_branches": 8,
            "missing_branches": 0,
            "percent_branches_covered": 100.0,
            "percent_branches_covered_display": "100"
          },
          "missing_lines": [],
          "excluded_lines": [],
          "start_line": 17,
          "executed_branches": [
            [
              18,
              19
            ],
            [
              18,
              21
            ],
            [
              21,
              22
            ],
            [
              21,
              41
            ],
            [
              25,
              26
            ],
            [
              25,
              28
            ],
            [
              33,
              34
            ],
            [
              33,
              36
            ]
          ],
          "missing_branches": []
        },
        "NQueensAdapter.run": {
          "executed_lines": [
            56,
            58,
            59,
            61
          ],
          "summary": {
            "covered_lines": 4,
            "num_statements": 4,
            "percent_covered": 100.0,
            "percent_covered_display": "100",
            "missing_lines": 0,
            "excluded_lines": 0,
            "percent_statements_covered": 100.0,
            "percent_statements_covered_display": "100",
            "num_branches": 2,
            "num_partial_branches": 0,
            "covered_branches": 2,
            "missing_branches": 0,
            "percent_branches_covered": 100.0,
            "percent_branches_covered_display": "100"
          },
          "missing_lines": [],
          "excluded_lines": [],
          "start_line": 54,
          "executed_branches": [
            [
              58,
              59
            ],
            [
              58,
              61
            ]
          ],
          "missing_branches": []
        },
        "NQueensAdapter.to_benchmark_result": {
          "executed_lines": [
            71,
            72,
            73,
            74,
            75,
            78,
            82,
            83,
            84,
            85,
            87,
            93,
            100,
            101,
            103
          ],
          "summary": {
            "covered_lines": 15,
            "num_statements": 15,
            "percent_covered": 100.0,
            "percent_covered_display": "100",
            "missing_lines": 0,
            "excluded_lines": 0,
            "percent_statements_covered": 100.0,
            "percent_statements_covered_display": "100",
            "num_branches": 4,
            "num_partial_branches": 0,
            "covered_branches": 4,
            "missing_branches": 0,
            "percent_branches_covered": 100.0,
            "percent_branches_covered_display": "100"
          },
          "missing_lines": [],
          "excluded_lines": [],
          "start_line": 63,
          "executed_branches": [
            [
              72,
              73
            ],
            [
              72,
              82
            ],
            [
              100,
              101
            ],
            [
              100,
              103
            ]
          ],
          "missing_branches": []
        },
        "NQueensAdapter.to_failed_benchmark_result": {
          "executed_lines": [
            120,
            121,
            122,
            123,
            124,
            127,
            134,
            143,
            144,
            146
          ],
          "summary": {
            "covered_lines": 10,
            "num_statements": 14,
            "percent_covered": 72.22222222222223,
            "percent_covered_display": "72",
            "missing_lines": 4,
            "excluded_lines": 0,
            "percent_statements_covered": 71.42857142857143,
            "percent_statements_covered_display": "71",
            "num_branches": 4,
            "num_partial_branches": 1,
            "covered_branches": 3,
            "missing_branches": 1,
            "percent_branches_covered": 75.0,
            "percent_branches_covered_display": "75"
          },
          "missing_lines": [
            129,
            130,
            131,
            132
          ],
          "excluded_lines": [],
          "start_line": 111,
          "executed_branches": [
            [
              121,
              122
            ],
            [
              143,
              144
            ],
            [
              143,
              146
            ]
          ],
          "missing_branches": [
            [
              121,
              129
            ]
          ]
        },
        "": {
          "executed_lines": [
            1,
            2,
            7,
            10,
            49,
            52,
            54,
            63,
            111
          ],
          "summary": {
            "covered_lines": 9,
            "num_statements": 9,
            "percent_covered": 100.0,
            "percent_covered_display": "100",
            "missing_lines": 0,
            "excluded_lines": 0,
            "percent_statements_covered": 100.0,
            "percent_statements_covered_display": "100",
            "num_branches": 0,
            "num_partial_branches": 0,
            "covered_branches": 0,
            "missing_branches": 0,
            "percent_branches_covered": 100.0,
            "percent_branches_covered_display": "100"
          },
          "missing_lines": [],
          "excluded_lines": [],
          "start_line": 1,
          "executed_branches": [],
          "missing_branches": []
        }
      },
      "classes": {
        "NQueensAdapter": {
          "executed_lines": [
            56,
            58,
            59,
            61,
            71,
            72,
            73,
            74,
            75,
            78,
            82,
            83,
            84,
            85,
            87,
            93,
            100,
            101,
            103,
            120,
            121,
            122,
            123,
            124,
            127,
            134,
            143,
            144,
            146
          ],
          "summary": {
            "covered_lines": 29,
            "num_statements": 33,
            "percent_covered": 88.37209302325581,
            "percent_covered_display": "88",
            "missing_lines": 4,
            "excluded_lines": 0,
            "percent_statements_covered": 87.87878787878788,
            "percent_statements_covered_display": "88",
            "num_branches": 10,
            "num_partial_branches": 1,
            "covered_branches": 9,
            "missing_branches": 1,
            "percent_branches_covered": 90.0,
            "percent_branches_covered_display": "90"
          },
          "missing_lines": [
            129,
            130,
            131,
            132
          ],
          "excluded_lines": [],
          "start_line": 49,
          "executed_branches": [
            [
              58,
              59
            ],
            [
              58,
              61
            ],
            [
              72,
              73
            ],
            [
              72,
              82
            ],
            [
              100,
              101
            ],
            [
              100,
              103
            ],
            [
              121,
              122
            ],
            [
              143,
              144
            ],
            [
              143,
              146
            ]
          ],
          "missing_branches": [
            [
              121,
              129
            ]
          ]
        },
        "": {
          "executed_lines": [
            1,
            2,
            7,
            10,
            12,
            13,
            14,
            15,
            17,
            18,
            19,
            21,
            22,
            23,
            25,
            26,
            28,
            29,
            30,
            31,
            33,
            34,
            36,
            37,
            38,
            39,
            41,
            43,
            44,
            46,
            49,
            52,
            54,
            63,
            111
          ],
          "summary": {
            "covered_lines": 35,
            "num_statements": 35,
            "percent_covered": 100.0,
            "percent_covered_display": "100",
            "missing_lines": 0,
            "excluded_lines": 0,
            "percent_statements_covered": 100.0,
            "percent_statements_covered_display": "100",
            "num_branches": 10,
            "num_partial_branches": 0,
            "covered_branches": 10,
            "missing_branches": 0,
            "percent_branches_covered": 100.0,
            "percent_branches_covered_display": "100"
          },
          "missing_lines": [],
          "excluded_lines": [],
          "start_line": 1,
          "executed_branches": [
            [
              18,
              19
            ],
            [
              18,
              21
            ],
            [
              21,
              22
            ],
            [
              21,
              41
            ],
            [
              25,
              26
            ],
            [
              25,
              28
            ],
            [
              33,
              34
            ],
            [
              33,
              36
            ],
            [
              43,
              44
            ],
            [
              43,
              46
            ]
          ],
          "missing_branches": []
        }
      }
    },
    "src/stallworth_nqueens/cli/__init__.py": {
      "executed_lines": [],
      "summary": {
        "covered_lines": 0,
        "num_statements": 0,
        "percent_covered": 100.0,
        "percent_covered_display": "100",
        "missing_lines": 0,
        "excluded_lines": 0,
        "percent_statements_covered": 100.0,
        "percent_statements_covered_display": "100",
        "num_branches": 0,
        "num_partial_branches": 0,
        "covered_branches": 0,
        "missing_branches": 0,
        "percent_branches_covered": 100.0,
        "percent_branches_covered_display": "100"
      },
      "missing_lines": [],
      "excluded_lines": [],
      "executed_branches": [],
      "missing_branches": [],
      "functions": {
        "": {
          "executed_lines": [],
          "summary": {
            "covered_lines": 0,
            "num_statements": 0,
            "percent_covered": 100.0,
            "percent_covered_display": "100",
            "missing_lines": 0,
            "excluded_lines": 0,
            "percent_statements_covered": 100.0,
            "percent_statements_covered_display": "100",
            "num_branches": 0,
            "num_partial_branches": 0,
            "covered_branches": 0,
            "missing_branches": 0,
            "percent_branches_covered": 100.0,
            "percent_branches_covered_display": "100"
          },
          "missing_lines": [],
          "excluded_lines": [],
          "start_line": 1,
          "executed_branches": [],
          "missing_branches": []
        }
      },
      "classes": {
        "": {
          "executed_lines": [],
          "summary": {
            "covered_lines": 0,
            "num_statements": 0,
            "percent_covered": 100.0,
            "percent_covered_display": "100",
            "missing_lines": 0,
            "excluded_lines": 0,
            "percent_statements_covered": 100.0,
            "percent_statements_covered_display": "100",
            "num_branches": 0,
            "num_partial_branches": 0,
            "covered_branches": 0,
            "missing_branches": 0,
            "percent_branches_covered": 100.0,
            "percent_branches_covered_display": "100"
          },
          "missing_lines": [],
          "excluded_lines": [],
          "start_line": 1,
          "executed_branches": [],
          "missing_branches": []
        }
      }
    },
    "src/stallworth_nqueens/cli/args.py": {
      "executed_lines": [
        1,
        3,
        6,
        7,
        8,
        11,
        12,
        17,
        24,
        31,
        37,
        47,
        50,
        51,
        52,
        54,
        55,
        56,
        57,
        58,
        59,
        61,
        62,
        67,
        70,
        71,
        72
      ],
      "summary": {
        "covered_lines": 27,
        "num_statements": 27,
        "percent_covered": 94.28571428571429,
        "percent_covered_display": "94",
        "missing_lines": 0,
        "excluded_lines": 0,
        "percent_statements_covered": 100.0,
        "percent_statements_covered_display": "100",
        "num_branches": 8,
        "num_partial_branches": 2,
        "covered_branches": 6,
        "missing_branches": 2,
        "percent_branches_covered": 75.0,
        "percent_branches_covered_display": "75"
      },
      "missing_lines": [],
      "excluded_lines": [],
      "executed_branches": [
        [
          54,
          55
        ],
        [
          54,
          61
        ],
        [
          56,
          57
        ],
        [
          58,
          59
        ],
        [
          61,
          62
        ],
        [
          61,
          67
        ]
      ],
      "missing_branches": [
        [
          56,
          58
        ],
        [
          58,
          61
        ]
      ],
      "functions": {
        "NQueensArgumentParser.error": {
          "executed_lines": [
            8
          ],
          "summary": {
            "covered_lines": 1,
            "num_statements": 1,
            "percent_covered": 100.0,
            "percent_covered_display": "100",
            "missing_lines": 0,
            "excluded_lines": 0,
            "percent_statements_covered": 100.0,
            "percent_statements_covered_display": "100",
            "num_branches": 0,
            "num_partial_branches": 0,
            "covered_branches": 0,
            "missing_branches": 0,
            "percent_branches_covered": 100.0,
            "percent_branches_covered_display": "100"
          },
          "missing_lines": [],
          "excluded_lines": [],
          "start_line": 7,
          "executed_branches": [],
          "missing_branches": []
        },
        "build_parser": {
          "executed_lines": [
            12,
            17,
            24,
            31,
            37,
            47
          ],
          "summary": {
            "covered_lines": 6,
            "num_statements": 6,
            "percent_covered": 100.0,
            "percent_covered_display": "100",
            "missing_lines": 0,
            "excluded_lines": 0,
            "percent_statements_covered": 100.0,
            "percent_statements_covered_display": "100",
            "num_branches": 0,
            "num_partial_branches": 0,
            "covered_branches": 0,
            "missing_branches": 0,
            "percent_branches_covered": 100.0,
            "percent_branches_covered_display": "100"
          },
          "missing_lines": [],
          "excluded_lines": [],
          "start_line": 11,
          "executed_branches": [],
          "missing_branches": []
        },
        "build_args": {
          "executed_lines": [
            51,
            52,
            54,
            55,
            56,
            57,
            58,
            59,
            61,
            62,
            67
          ],
          "summary": {
            "covered_lines": 11,
            "num_statements": 11,
            "percent_covered": 89.47368421052632,
            "percent_covered_display": "89",
            "missing_lines": 0,
            "excluded_lines": 0,
            "percent_statements_covered": 100.0,
            "percent_statements_covered_display": "100",
            "num_branches": 8,
            "num_partial_branches": 2,
            "covered_branches": 6,
            "missing_branches": 2,
            "percent_branches_covered": 75.0,
            "percent_branches_covered_display": "75"
          },
          "missing_lines": [],
          "excluded_lines": [],
          "start_line": 50,
          "executed_branches": [
            [
              54,
              55
            ],
            [
              54,
              61
            ],
            [
              56,
              57
            ],
            [
              58,
              59
            ],
            [
              61,
              62
            ],
            [
              61,
              67
            ]
          ],
          "missing_branches": [
            [
              56,
              58
            ],
            [
              58,
              61
            ]
          ]
        },
        "format_usage": {
          "executed_lines": [
            71,
            72
          ],
          "summary": {
            "covered_lines": 2,
            "num_statements": 2,
            "percent_covered": 100.0,
            "percent_covered_display": "100",
            "missing_lines": 0,
            "excluded_lines": 0,
            "percent_statements_covered": 100.0,
            "percent_statements_covered_display": "100",
            "num_branches": 0,
            "num_partial_branches": 0,
            "covered_branches": 0,
            "missing_branches": 0,
            "percent_branches_covered": 100.0,
            "percent_branches_covered_display": "100"
          },
          "missing_lines": [],
          "excluded_lines": [],
          "start_line": 70,
          "executed_branches": [],
          "missing_branches": []
        },
        "": {
          "executed_lines": [
            1,
            3,
            6,
            7,
            11,
            50,
            70
          ],
          "summary": {
            "covered_lines": 7,
            "num_statements": 7,
            "percent_covered": 100.0,
            "percent_covered_display": "100",
            "missing_lines": 0,
            "excluded_lines": 0,
            "percent_statements_covered": 100.0,
            "percent_statements_covered_display": "100",
            "num_branches": 0,
            "num_partial_branches": 0,
            "covered_branches": 0,
            "missing_branches": 0,
            "percent_branches_covered": 100.0,
            "percent_branches_covered_display": "100"
          },
          "missing_lines": [],
          "excluded_lines": [],
          "start_line": 1,
          "executed_branches": [],
          "missing_branches": []
        }
      },
      "classes": {
        "NQueensArgumentParser": {
          "executed_lines": [
            8
          ],
          "summary": {
            "covered_lines": 1,
            "num_statements": 1,
            "percent_covered": 100.0,
            "percent_covered_display": "100",
            "missing_lines": 0,
            "excluded_lines": 0,
            "percent_statements_covered": 100.0,
            "percent_statements_covered_display": "100",
            "num_branches": 0,
            "num_partial_branches": 0,
            "covered_branches": 0,
            "missing_branches": 0,
            "percent_branches_covered": 100.0,
            "percent_branches_covered_display": "100"
          },
          "missing_lines": [],
          "excluded_lines": [],
          "start_line": 6,
          "executed_branches": [],
          "missing_branches": []
        },
        "": {
          "executed_lines": [
            1,
            3,
            6,
            7,
            11,
            12,
            17,
            24,
            31,
            37,
            47,
            50,
            51,
            52,
            54,
            55,
            56,
            57,
            58,
            59,
            61,
            62,
            67,
            70,
            71,
            72
          ],
          "summary": {
            "covered_lines": 26,
            "num_statements": 26,
            "percent_covered": 94.11764705882354,
            "percent_covered_display": "94",
            "missing_lines": 0,
            "excluded_lines": 0,
            "percent_statements_covered": 100.0,
            "percent_statements_covered_display": "100",
            "num_branches": 8,
            "num_partial_branches": 2,
            "covered_branches": 6,
            "missing_branches": 2,
            "percent_branches_covered": 75.0,
            "percent_branches_covered_display": "75"
          },
          "missing_lines": [],
          "excluded_lines": [],
          "start_line": 1,
          "executed_branches": [
            [
              54,
              55
            ],
            [
              54,
              61
            ],
            [
              56,
              57
            ],
            [
              58,
              59
            ],
            [
              61,
              62
            ],
            [
              61,
              67
            ]
          ],
          "missing_branches": [
            [
              56,
              58
            ],
            [
              58,
              61
            ]
          ]
        }
      }
    },
    "src/stallworth_nqueens/cli/n_queens_cli.py": {
      "executed_lines": [
        1,
        3,
        7,
        9,
        10,
        11,
        12,
        13,
        16,
        18,
        19,
        20,
        21,
        22,
        23,
        24,
        25,
        26,
        27,
        28,
        29,
        30,
        31,
        32,
        33,
        34,
        35,
        36,
        37,
        38,
        39,
        40,
        41,
        42,
        43,
        45,
        46,
        47,
        50,
        51,
        52
      ],
      "summary": {
        "covered_lines": 41,
        "num_statements": 43,
        "percent_covered": 95.91836734693878,
        "percent_covered_display": "96",
        "missing_lines": 2,
        "excluded_lines": 0,
        "percent_statements_covered": 95.34883720930233,
        "percent_statements_covered_display": "95",
        "num_branches": 6,
        "num_partial_branches": 0,
        "covered_branches": 6,
        "missing_branches": 0,
        "percent_branches_covered": 100.0,
        "percent_branches_covered_display": "100"
      },
      "missing_lines": [
        48,
        49
      ],
      "excluded_lines": [],
      "executed_branches": [
        [
          36,
          37
        ],
        [
          36,
          38
        ],
        [
          38,
          39
        ],
        [
          38,
          41
        ],
        [
          41,
          42
        ],
        [
          41,
          45
        ]
      ],
      "missing_branches": [],
      "functions": {
        "run_n_queens_cli": {
          "executed_lines": [
            19,
            20,
            21,
            22,
            23,
            24,
            25,
            26,
            27,
            28,
            29,
            30,
            31,
            32,
            33,
            34,
            35,
            36,
            37,
            38,
            39,
            40,
            41,
            42,
            43,
            45,
            46,
            47,
            50,
            51,
            52
          ],
          "summary": {
            "covered_lines": 31,
            "num_statements": 33,
            "percent_covered": 94.87179487179488,
            "percent_covered_display": "95",
            "missing_lines": 2,
            "excluded_lines": 0,
            "percent_statements_covered": 93.93939393939394,
            "percent_statements_covered_display": "94",
            "num_branches": 6,
            "num_partial_branches": 0,
            "covered_branches": 6,
            "missing_branches": 0,
            "percent_branches_covered": 100.0,
            "percent_branches_covered_display": "100"
          },
          "missing_lines": [
            48,
            49
          ],
          "excluded_lines": [],
          "start_line": 18,
          "executed_branches": [
            [
              36,
              37
            ],
            [
              36,
              38
            ],
            [
              38,
              39
            ],
            [
              38,
              41
            ],
            [
              41,
              42
            ],
            [
              41,
              45
            ]
          ],
          "missing_branches": []
        },
        "": {
          "executed_lines": [
            1,
            3,
            7,
            9,
            10,
            11,
            12,
            13,
            16,
            18
          ],
          "summary": {
            "covered_lines": 10,
            "num_statements": 10,
            "percent_covered": 100.0,
            "percent_covered_display": "100",
            "missing_lines": 0,
            "excluded_lines": 0,
            "percent_statements_covered": 100.0,
            "percent_statements_covered_display": "100",
            "num_branches": 0,
            "num_partial_branches": 0,
            "covered_branches": 0,
            "missing_branches": 0,
            "percent_branches_covered": 100.0,
            "percent_branches_covered_display": "100"
          },
          "missing_lines": [],
          "excluded_lines": [],
          "start_line": 1,
          "executed_branches": [],
          "missing_branches": []
        }
      },
      "classes": {
        "": {
          "executed_lines": [
            1,
            3,
            7,
            9,
            10,
            11,
            12,
            13,
            16,
            18,
            19,
            20,
            21,
            22,
            23,
            24,
            25,
            26,
            27,
            28,
            29,
            30,
            31,
            32,
            33,
            34,
            35,
            36,
            37,
            38,
            39,
            40,
            41,
            42,
            43,
            45,
            46,
            47,
            50,
            51,
            52
          ],
          "summary": {
            "covered_lines": 41,
            "num_statements": 43,
            "percent_covered": 95.91836734693878,
            "percent_covered_display": "96",
            "missing_lines": 2,
            "excluded_lines": 0,
            "percent_statements_covered": 95.34883720930233,
            "percent_statements_covered_display": "95",
            "num_branches": 6,
            "num_partial_branches": 0,
            "covered_branches": 6,
            "missing_branches": 0,
            "percent_branches_covered": 100.0,
            "percent_branches_covered_display": "100"
          },
          "missing_lines": [
            48,
            49
          ],
          "excluded_lines": [],
          "start_line": 1,
          "executed_branches": [
            [
              36,
              37
            ],
            [
              36,
              38
            ],
            [
              38,
              39
            ],
            [
              38,
              41
            ],
            [
              41,
              42
            ],
            [
              41,
              45
            ]
          ],
          "missing_branches": []
        }
      }
    },
    "src/stallworth_nqueens/codeviz_demo/__init__.py": {
      "executed_lines": [],
      "summary": {
        "covered_lines": 0,
        "num_statements": 0,
        "percent_covered": 100.0,
        "percent_covered_display": "100",
        "missing_lines": 0,
        "excluded_lines": 0,
        "percent_statements_covered": 100.0,
        "percent_statements_covered_display": "100",
        "num_branches": 0,
        "num_partial_branches": 0,
        "covered_branches": 0,
        "missing_branches": 0,
        "percent_branches_covered": 100.0,
        "percent_branches_covered_display": "100"
      },
      "missing_lines": [],
      "excluded_lines": [],
      "executed_branches": [],
      "missing_branches": [],
      "functions": {
        "": {
          "executed_lines": [],
          "summary": {
            "covered_lines": 0,
            "num_statements": 0,
            "percent_covered": 100.0,
            "percent_covered_display": "100",
            "missing_lines": 0,
            "excluded_lines": 0,
            "percent_statements_covered": 100.0,
            "percent_statements_covered_display": "100",
            "num_branches": 0,
            "num_partial_branches": 0,
            "covered_branches": 0,
            "missing_branches": 0,
            "percent_branches_covered": 100.0,
            "percent_branches_covered_display": "100"
          },
          "missing_lines": [],
          "excluded_lines": [],
          "start_line": 1,
          "executed_branches": [],
          "missing_branches": []
        }
      },
      "classes": {
        "": {
          "executed_lines": [],
          "summary": {
            "covered_lines": 0,
            "num_statements": 0,
            "percent_covered": 100.0,
            "percent_covered_display": "100",
            "missing_lines": 0,
            "excluded_lines": 0,
            "percent_statements_covered": 100.0,
            "percent_statements_covered_display": "100",
            "num_branches": 0,
            "num_partial_branches": 0,
            "covered_branches": 0,
            "missing_branches": 0,
            "percent_branches_covered": 100.0,
            "percent_branches_covered_display": "100"
          },
          "missing_lines": [],
          "excluded_lines": [],
          "start_line": 1,
          "executed_branches": [],
          "missing_branches": []
        }
      }
    },
    "src/stallworth_nqueens/codeviz_demo/api.py": {
      "executed_lines": [],
      "summary": {
        "covered_lines": 0,
        "num_statements": 4,
        "percent_covered": 0.0,
        "percent_covered_display": "0",
        "missing_lines": 4,
        "excluded_lines": 0,
        "percent_statements_covered": 0.0,
        "percent_statements_covered_display": "0",
        "num_branches": 0,
        "num_partial_branches": 0,
        "covered_branches": 0,
        "missing_branches": 0,
        "percent_branches_covered": 100.0,
        "percent_branches_covered_display": "100"
      },
      "missing_lines": [
        3,
        6,
        8,
        11
      ],
      "excluded_lines": [],
      "executed_branches": [],
      "missing_branches": [],
      "functions": {
        "export_names": {
          "executed_lines": [],
          "summary": {
            "covered_lines": 0,
            "num_statements": 1,
            "percent_covered": 0.0,
            "percent_covered_display": "0",
            "missing_lines": 1,
            "excluded_lines": 0,
            "percent_statements_covered": 0.0,
            "percent_statements_covered_display": "0",
            "num_branches": 0,
            "num_partial_branches": 0,
            "covered_branches": 0,
            "missing_branches": 0,
            "percent_branches_covered": 100.0,
            "percent_branches_covered_display": "100"
          },
          "missing_lines": [
            8
          ],
          "excluded_lines": [],
          "start_line": 6,
          "executed_branches": [],
          "missing_branches": []
        },
        "": {
          "executed_lines": [],
          "summary": {
            "covered_lines": 0,
            "num_statements": 3,
            "percent_covered": 0.0,
            "percent_covered_display": "0",
            "missing_lines": 3,
            "excluded_lines": 0,
            "percent_statements_covered": 0.0,
            "percent_statements_covered_display": "0",
            "num_branches": 0,
            "num_partial_branches": 0,
            "covered_branches": 0,
            "missing_branches": 0,
            "percent_branches_covered": 100.0,
            "percent_branches_covered_display": "100"
          },
          "missing_lines": [
            3,
            6,
            11
          ],
          "excluded_lines": [],
          "start_line": 1,
          "executed_branches": [],
          "missing_branches": []
        }
      },
      "classes": {
        "": {
          "executed_lines": [],
          "summary": {
            "covered_lines": 0,
            "num_statements": 4,
            "percent_covered": 0.0,
            "percent_covered_display": "0",
            "missing_lines": 4,
            "excluded_lines": 0,
            "percent_statements_covered": 0.0,
            "percent_statements_covered_display": "0",
            "num_branches": 0,
            "num_partial_branches": 0,
            "covered_branches": 0,
            "missing_branches": 0,
            "percent_branches_covered": 100.0,
            "percent_branches_covered_display": "100"
          },
          "missing_lines": [
            3,
            6,
            8,
            11
          ],
          "excluded_lines": [],
          "start_line": 1,
          "executed_branches": [],
          "missing_branches": []
        }
      }
    },
    "src/stallworth_nqueens/codeviz_demo/backtracking.py": {
      "executed_lines": [],
      "summary": {
        "covered_lines": 0,
        "num_statements": 5,
        "percent_covered": 0.0,
        "percent_covered_display": "0",
        "missing_lines": 5,
        "excluded_lines": 0,
        "percent_statements_covered": 0.0,
        "percent_statements_covered_display": "0",
        "num_branches": 0,
        "num_partial_branches": 0,
        "covered_branches": 0,
        "missing_branches": 0,
        "percent_branches_covered": 100.0,
        "percent_branches_covered_display": "100"
      },
      "missing_lines": [
        3,
        4,
        6,
        9,
        11
      ],
      "excluded_lines": [],
      "executed_branches": [],
      "missing_branches": [],
      "functions": {
        "describe": {
          "executed_lines": [],
          "summary": {
            "covered_lines": 0,
            "num_statements": 1,
            "percent_covered": 0.0,
            "percent_covered_display": "0",
            "missing_lines": 1,
            "excluded_lines": 0,
            "percent_statements_covered": 0.0,
            "percent_statements_covered_display": "0",
            "num_branches": 0,
            "num_partial_branches": 0,
            "covered_branches": 0,
            "missing_branches": 0,
            "percent_branches_covered": 100.0,
            "percent_branches_covered_display": "100"
          },
          "missing_lines": [
            11
          ],
          "excluded_lines": [],
          "start_line": 9,
          "executed_branches": [],
          "missing_branches": []
        },
        "": {
          "executed_lines": [],
          "summary": {
            "covered_lines": 0,
            "num_statements": 4,
            "percent_covered": 0.0,
            "percent_covered_display": "0",
            "missing_lines": 4,
            "excluded_lines": 0,
            "percent_statements_covered": 0.0,
            "percent_statements_covered_display": "0",
            "num_branches": 0,
            "num_partial_branches": 0,
            "covered_branches": 0,
            "missing_branches": 0,
            "percent_branches_covered": 100.0,
            "percent_branches_covered_display": "100"
          },
          "missing_lines": [
            3,
            4,
            6,
            9
          ],
          "excluded_lines": [],
          "start_line": 1,
          "executed_branches": [],
          "missing_branches": []
        }
      },
      "classes": {
        "": {
          "executed_lines": [],
          "summary": {
            "covered_lines": 0,
            "num_statements": 5,
            "percent_covered": 0.0,
            "percent_covered_display": "0",
            "missing_lines": 5,
            "excluded_lines": 0,
            "percent_statements_covered": 0.0,
            "percent_statements_covered_display": "0",
            "num_branches": 0,
            "num_partial_branches": 0,
            "covered_branches": 0,
            "missing_branches": 0,
            "percent_branches_covered": 100.0,
            "percent_branches_covered_display": "100"
          },
          "missing_lines": [
            3,
            4,
            6,
            9,
            11
          ],
          "excluded_lines": [],
          "start_line": 1,
          "executed_branches": [],
          "missing_branches": []
        }
      }
    },
    "src/stallworth_nqueens/codeviz_demo/board.py": {
      "executed_lines": [],
      "summary": {
        "covered_lines": 0,
        "num_statements": 5,
        "percent_covered": 0.0,
        "percent_covered_display": "0",
        "missing_lines": 5,
        "excluded_lines": 0,
        "percent_statements_covered": 0.0,
        "percent_statements_covered_display": "0",
        "num_branches": 0,
        "num_partial_branches": 0,
        "covered_branches": 0,
        "missing_branches": 0,
        "percent_branches_covered": 100.0,
        "percent_branches_covered_display": "100"
      },
      "missing_lines": [
        3,
        4,
        6,
        9,
        11
      ],
      "excluded_lines": [],
      "executed_branches": [],
      "missing_branches": [],
      "functions": {
        "describe": {
          "executed_lines": [],
          "summary": {
            "covered_lines": 0,
            "num_statements": 1,
            "percent_covered": 0.0,
            "percent_covered_display": "0",
            "missing_lines": 1,
            "excluded_lines": 0,
            "percent_statements_covered": 0.0,
            "percent_statements_covered_display": "0",
            "num_branches": 0,
            "num_partial_branches": 0,
            "covered_branches": 0,
            "missing_branches": 0,
            "percent_branches_covered": 100.0,
            "percent_branches_covered_display": "100"
          },
          "missing_lines": [
            11
          ],
          "excluded_lines": [],
          "start_line": 9,
          "executed_branches": [],
          "missing_branches": []
        },
        "": {
          "executed_lines": [],
          "summary": {
            "covered_lines": 0,
            "num_statements": 4,
            "percent_covered": 0.0,
            "percent_covered_display": "0",
            "missing_lines": 4,
            "excluded_lines": 0,
            "percent_statements_covered": 0.0,
            "percent_statements_covered_display": "0",
            "num_branches": 0,
            "num_partial_branches": 0,
            "covered_branches": 0,
            "missing_branches": 0,
            "percent_branches_covered": 100.0,
            "percent_branches_covered_display": "100"
          },
          "missing_lines": [
            3,
            4,
            6,
            9
          ],
          "excluded_lines": [],
          "start_line": 1,
          "executed_branches": [],
          "missing_branches": []
        }
      },
      "classes": {
        "": {
          "executed_lines": [],
          "summary": {
            "covered_lines": 0,
            "num_statements": 5,
            "percent_covered": 0.0,
            "percent_covered_display": "0",
            "missing_lines": 5,
            "excluded_lines": 0,
            "percent_statements_covered": 0.0,
            "percent_statements_covered_display": "0",
            "num_branches": 0,
            "num_partial_branches": 0,
            "covered_branches": 0,
            "missing_branches": 0,
            "percent_branches_covered": 100.0,
            "percent_branches_covered_display": "100"
          },
          "missing_lines": [
            3,
            4,
            6,
            9,
            11
          ],
          "excluded_lines": [],
          "start_line": 1,
          "executed_branches": [],
          "missing_branches": []
        }
      }
    },
    "src/stallworth_nqueens/codeviz_demo/candidates.py": {
      "executed_lines": [],
      "summary": {
        "covered_lines": 0,
        "num_statements": 5,
        "percent_covered": 0.0,
        "percent_covered_display": "0",
        "missing_lines": 5,
        "excluded_lines": 0,
        "percent_statements_covered": 0.0,
        "percent_statements_covered_display": "0",
        "num_branches": 0,
        "num_partial_branches": 0,
        "covered_branches": 0,
        "missing_branches": 0,
        "percent_branches_covered": 100.0,
        "percent_branches_covered_display": "100"
      },
      "missing_lines": [
        3,
        4,
        6,
        9,
        11
      ],
      "excluded_lines": [],
      "executed_branches": [],
      "missing_branches": [],
      "functions": {
        "describe": {
          "executed_lines": [],
          "summary": {
            "covered_lines": 0,
            "num_statements": 1,
            "percent_covered": 0.0,
            "percent_covered_display": "0",
            "missing_lines": 1,
            "excluded_lines": 0,
            "percent_statements_covered": 0.0,
            "percent_statements_covered_display": "0",
            "num_branches": 0,
            "num_partial_branches": 0,
            "covered_branches": 0,
            "missing_branches": 0,
            "percent_branches_covered": 100.0,
            "percent_branches_covered_display": "100"
          },
          "missing_lines": [
            11
          ],
          "excluded_lines": [],
          "start_line": 9,
          "executed_branches": [],
          "missing_branches": []
        },
        "": {
          "executed_lines": [],
          "summary": {
            "covered_lines": 0,
            "num_statements": 4,
            "percent_covered": 0.0,
            "percent_covered_display": "0",
            "missing_lines": 4,
            "excluded_lines": 0,
            "percent_statements_covered": 0.0,
            "percent_statements_covered_display": "0",
            "num_branches": 0,
            "num_partial_branches": 0,
            "covered_branches": 0,
            "missing_branches": 0,
            "percent_branches_covered": 100.0,
            "percent_branches_covered_display": "100"
          },
          "missing_lines": [
            3,
            4,
            6,
            9
          ],
          "excluded_lines": [],
          "start_line": 1,
          "executed_branches": [],
          "missing_branches": []
        }
      },
      "classes": {
        "": {
          "executed_lines": [],
          "summary": {
            "covered_lines": 0,
            "num_statements": 5,
            "percent_covered": 0.0,
            "percent_covered_display": "0",
            "missing_lines": 5,
            "excluded_lines": 0,
            "percent_statements_covered": 0.0,
            "percent_statements_covered_display": "0",
            "num_branches": 0,
            "num_partial_branches": 0,
            "covered_branches": 0,
            "missing_branches": 0,
            "percent_branches_covered": 100.0,
            "percent_branches_covered_display": "100"
          },
          "missing_lines": [
            3,
            4,
            6,
            9,
            11
          ],
          "excluded_lines": [],
          "start_line": 1,
          "executed_branches": [],
          "missing_branches": []
        }
      }
    },
    "src/stallworth_nqueens/codeviz_demo/columns.py": {
      "executed_lines": [],
      "summary": {
        "covered_lines": 0,
        "num_statements": 5,
        "percent_covered": 0.0,
        "percent_covered_display": "0",
        "missing_lines": 5,
        "excluded_lines": 0,
        "percent_statements_covered": 0.0,
        "percent_statements_covered_display": "0",
        "num_branches": 0,
        "num_partial_branches": 0,
        "covered_branches": 0,
        "missing_branches": 0,
        "percent_branches_covered": 100.0,
        "percent_branches_covered_display": "100"
      },
      "missing_lines": [
        3,
        4,
        6,
        9,
        11
      ],
      "excluded_lines": [],
      "executed_branches": [],
      "missing_branches": [],
      "functions": {
        "describe": {
          "executed_lines": [],
          "summary": {
            "covered_lines": 0,
            "num_statements": 1,
            "percent_covered": 0.0,
            "percent_covered_display": "0",
            "missing_lines": 1,
            "excluded_lines": 0,
            "percent_statements_covered": 0.0,
            "percent_statements_covered_display": "0",
            "num_branches": 0,
            "num_partial_branches": 0,
            "covered_branches": 0,
            "missing_branches": 0,
            "percent_branches_covered": 100.0,
            "percent_branches_covered_display": "100"
          },
          "missing_lines": [
            11
          ],
          "excluded_lines": [],
          "start_line": 9,
          "executed_branches": [],
          "missing_branches": []
        },
        "": {
          "executed_lines": [],
          "summary": {
            "covered_lines": 0,
            "num_statements": 4,
            "percent_covered": 0.0,
            "percent_covered_display": "0",
            "missing_lines": 4,
            "excluded_lines": 0,
            "percent_statements_covered": 0.0,
            "percent_statements_covered_display": "0",
            "num_branches": 0,
            "num_partial_branches": 0,
            "covered_branches": 0,
            "missing_branches": 0,
            "percent_branches_covered": 100.0,
            "percent_branches_covered_display": "100"
          },
          "missing_lines": [
            3,
            4,
            6,
            9
          ],
          "excluded_lines": [],
          "start_line": 1,
          "executed_branches": [],
          "missing_branches": []
        }
      },
      "classes": {
        "": {
          "executed_lines": [],
          "summary": {
            "covered_lines": 0,
            "num_statements": 5,
            "percent_covered": 0.0,
            "percent_covered_display": "0",
            "missing_lines": 5,
            "excluded_lines": 0,
            "percent_statements_covered": 0.0,
            "percent_statements_covered_display": "0",
            "num_branches": 0,
            "num_partial_branches": 0,
            "covered_branches": 0,
            "missing_branches": 0,
            "percent_branches_covered": 100.0,
            "percent_branches_covered_display": "100"
          },
          "missing_lines": [
            3,
            4,
            6,
            9,
            11
          ],
          "excluded_lines": [],
          "start_line": 1,
          "executed_branches": [],
          "missing_branches": []
        }
      }
    },
    "src/stallworth_nqueens/codeviz_demo/diagonals.py": {
      "executed_lines": [],
      "summary": {
        "covered_lines": 0,
        "num_statements": 5,
        "percent_covered": 0.0,
        "percent_covered_display": "0",
        "missing_lines": 5,
        "excluded_lines": 0,
        "percent_statements_covered": 0.0,
        "percent_statements_covered_display": "0",
        "num_branches": 0,
        "num_partial_branches": 0,
        "covered_branches": 0,
        "missing_branches": 0,
        "percent_branches_covered": 100.0,
        "percent_branches_covered_display": "100"
      },
      "missing_lines": [
        3,
        4,
        6,
        9,
        11
      ],
      "excluded_lines": [],
      "executed_branches": [],
      "missing_branches": [],
      "functions": {
        "describe": {
          "executed_lines": [],
          "summary": {
            "covered_lines": 0,
            "num_statements": 1,
            "percent_covered": 0.0,
            "percent_covered_display": "0",
            "missing_lines": 1,
            "excluded_lines": 0,
            "percent_statements_covered": 0.0,
            "percent_statements_covered_display": "0",
            "num_branches": 0,
            "num_partial_branches": 0,
            "covered_branches": 0,
            "missing_branches": 0,
            "percent_branches_covered": 100.0,
            "percent_branches_covered_display": "100"
          },
          "missing_lines": [
            11
          ],
          "excluded_lines": [],
          "start_line": 9,
          "executed_branches": [],
          "missing_branches": []
        },
        "": {
          "executed_lines": [],
          "summary": {
            "covered_lines": 0,
            "num_statements": 4,
            "percent_covered": 0.0,
            "percent_covered_display": "0",
            "missing_lines": 4,
            "excluded_lines": 0,
            "percent_statements_covered": 0.0,
            "percent_statements_covered_display": "0",
            "num_branches": 0,
            "num_partial_branches": 0,
            "covered_branches": 0,
            "missing_branches": 0,
            "percent_branches_covered": 100.0,
            "percent_branches_covered_display": "100"
          },
          "missing_lines": [
            3,
            4,
            6,
            9
          ],
          "excluded_lines": [],
          "start_line": 1,
          "executed_branches": [],
          "missing_branches": []
        }
      },
      "classes": {
        "": {
          "executed_lines": [],
          "summary": {
            "covered_lines": 0,
            "num_statements": 5,
            "percent_covered": 0.0,
            "percent_covered_display": "0",
            "missing_lines": 5,
            "excluded_lines": 0,
            "percent_statements_covered": 0.0,
            "percent_statements_covered_display": "0",
            "num_branches": 0,
            "num_partial_branches": 0,
            "covered_branches": 0,
            "missing_branches": 0,
            "percent_branches_covered": 100.0,
            "percent_branches_covered_display": "100"
          },
          "missing_lines": [
            3,
            4,
            6,
            9,
            11
          ],
          "excluded_lines": [],
          "start_line": 1,
          "executed_branches": [],
          "missing_branches": []
        }
      }
    },
    "src/stallworth_nqueens/codeviz_demo/formatting.py": {
      "executed_lines": [],
      "summary": {
        "covered_lines": 0,
        "num_statements": 5,
        "percent_covered": 0.0,
        "percent_covered_display": "0",
        "missing_lines": 5,
        "excluded_lines": 0,
        "percent_statements_covered": 0.0,
        "percent_statements_covered_display": "0",
        "num_branches": 0,
        "num_partial_branches": 0,
        "covered_branches": 0,
        "missing_branches": 0,
        "percent_branches_covered": 100.0,
        "percent_branches_covered_display": "100"
      },
      "missing_lines": [
        3,
        4,
        6,
        9,
        11
      ],
      "excluded_lines": [],
      "executed_branches": [],
      "missing_branches": [],
      "functions": {
        "describe": {
          "executed_lines": [],
          "summary": {
            "covered_lines": 0,
            "num_statements": 1,
            "percent_covered": 0.0,
            "percent_covered_display": "0",
            "missing_lines": 1,
            "excluded_lines": 0,
            "percent_statements_covered": 0.0,
            "percent_statements_covered_display": "0",
            "num_branches": 0,
            "num_partial_branches": 0,
            "covered_branches": 0,
            "missing_branches": 0,
            "percent_branches_covered": 100.0,
            "percent_branches_covered_display": "100"
          },
          "missing_lines": [
            11
          ],
          "excluded_lines": [],
          "start_line": 9,
          "executed_branches": [],
          "missing_branches": []
        },
        "": {
          "executed_lines": [],
          "summary": {
            "covered_lines": 0,
            "num_statements": 4,
            "percent_covered": 0.0,
            "percent_covered_display": "0",
            "missing_lines": 4,
            "excluded_lines": 0,
            "percent_statements_covered": 0.0,
            "percent_statements_covered_display": "0",
            "num_branches": 0,
            "num_partial_branches": 0,
            "covered_branches": 0,
            "missing_branches": 0,
            "percent_branches_covered": 100.0,
            "percent_branches_covered_display": "100"
          },
          "missing_lines": [
            3,
            4,
            6,
            9
          ],
          "excluded_lines": [],
          "start_line": 1,
          "executed_branches": [],
          "missing_branches": []
        }
      },
      "classes": {
        "": {
          "executed_lines": [],
          "summary": {
            "covered_lines": 0,
            "num_statements": 5,
            "percent_covered": 0.0,
            "percent_covered_display": "0",
            "missing_lines": 5,
            "excluded_lines": 0,
            "percent_statements_covered": 0.0,
            "percent_statements_covered_display": "0",
            "num_branches": 0,
            "num_partial_branches": 0,
            "covered_branches": 0,
            "missing_branches": 0,
            "percent_branches_covered": 100.0,
            "percent_branches_covered_display": "100"
          },
          "missing_lines": [
            3,
            4,
            6,
            9,
            11
          ],
          "excluded_lines": [],
          "start_line": 1,
          "executed_branches": [],
          "missing_branches": []
        }
      }
    },
    "src/stallworth_nqueens/codeviz_demo/hub.py": {
      "executed_lines": [],
      "summary": {
        "covered_lines": 0,
        "num_statements": 12,
        "percent_covered": 0.0,
        "percent_covered_display": "0",
        "missing_lines": 12,
        "excluded_lines": 0,
        "percent_statements_covered": 0.0,
        "percent_statements_covered_display": "0",
        "num_branches": 0,
        "num_partial_branches": 0,
        "covered_branches": 0,
        "missing_branches": 0,
        "percent_branches_covered": 100.0,
        "percent_branches_covered_display": "100"
      },
      "missing_lines": [
        6,
        7,
        8,
        9,
        10,
        11,
        12,
        13,
        14,
        15,
        18,
        20
      ],
      "excluded_lines": [],
      "executed_branches": [],
      "missing_branches": [],
      "functions": {
        "stage_names": {
          "executed_lines": [],
          "summary": {
            "covered_lines": 0,
            "num_statements": 1,
            "percent_covered": 0.0,
            "percent_covered_display": "0",
            "missing_lines": 1,
            "excluded_lines": 0,
            "percent_statements_covered": 0.0,
            "percent_statements_covered_display": "0",
            "num_branches": 0,
            "num_partial_branches": 0,
            "covered_branches": 0,
[...]
            "missing_lines": 0,
            "excluded_lines": 0,
            "percent_statements_covered": 100.0,
            "percent_statements_covered_display": "100",
            "num_branches": 0,
            "num_partial_branches": 0,
            "covered_branches": 0,
            "missing_branches": 0,
            "percent_branches_covered": 100.0,
            "percent_branches_covered_display": "100"
          },
          "missing_lines": [],
          "excluded_lines": [],
          "start_line": 11,
          "executed_branches": [],
          "missing_branches": []
        },
        "solve_n_queens.backtrack": {
          "executed_lines": [
            18,
            19,
            20,
            21,
            23,
            24,
            26,
            27,
            28,
            32,
            33,
            34,
            36,
            37,
            38,
            44,
            46,
            47,
            48,
            49
          ],
          "summary": {
            "covered_lines": 20,
            "num_statements": 20,
            "percent_covered": 100.0,
            "percent_covered_display": "100",
            "missing_lines": 0,
            "excluded_lines": 0,
            "percent_statements_covered": 100.0,
            "percent_statements_covered_display": "100",
            "num_branches": 8,
            "num_partial_branches": 0,
            "covered_branches": 8,
            "missing_branches": 0,
            "percent_branches_covered": 100.0,
            "percent_branches_covered_display": "100"
          },
          "missing_lines": [],
          "excluded_lines": [],
          "start_line": 17,
          "executed_branches": [
            [
              19,
              20
            ],
            [
              19,
              23
            ],
            [
              26,
              27
            ],
            [
              26,
              46
            ],
            [
              33,
              34
            ],
            [
              33,
              36
            ],
            [
              46,
              47
            ],
            [
              46,
              49
            ]
          ],
          "missing_branches": []
        },
        "": {
          "executed_lines": [
            7,
            8,
            11
          ],
          "summary": {
            "covered_lines": 3,
            "num_statements": 3,
            "percent_covered": 100.0,
            "percent_covered_display": "100",
            "missing_lines": 0,
            "excluded_lines": 0,
            "percent_statements_covered": 100.0,
            "percent_statements_covered_display": "100",
            "num_branches": 0,
            "num_partial_branches": 0,
            "covered_branches": 0,
            "missing_branches": 0,
            "percent_branches_covered": 100.0,
            "percent_branches_covered_display": "100"
          },
          "missing_lines": [],
          "excluded_lines": [],
          "start_line": 1,
          "executed_branches": [],
          "missing_branches": []
        }
      },
      "classes": {
        "": {
          "executed_lines": [
            7,
            8,
            11,
            15,
            17,
            18,
            19,
            20,
            21,
            23,
            24,
            26,
            27,
            28,
            32,
            33,
            34,
            36,
            37,
            38,
            44,
            46,
            47,
            48,
            49,
            51
          ],
          "summary": {
            "covered_lines": 26,
            "num_statements": 26,
            "percent_covered": 100.0,
            "percent_covered_display": "100",
            "missing_lines": 0,
            "excluded_lines": 0,
            "percent_statements_covered": 100.0,
            "percent_statements_covered_display": "100",
            "num_branches": 8,
            "num_partial_branches": 0,
            "covered_branches": 8,
            "missing_branches": 0,
            "percent_branches_covered": 100.0,
            "percent_branches_covered_display": "100"
          },
          "missing_lines": [],
          "excluded_lines": [],
          "start_line": 1,
          "executed_branches": [
            [
              19,
              20
            ],
            [
              19,
              23
            ],
            [
              26,
              27
            ],
            [
              26,
              46
            ],
            [
              33,
              34
            ],
            [
              33,
              36
            ],
            [
              46,
              47
            ],
            [
              46,
              49
            ]
          ],
          "missing_branches": []
        }
      }
    },
    "src/stallworth_nqueens/solvers/dfs/__init__.py": {
      "executed_lines": [],
      "summary": {
        "covered_lines": 0,
        "num_statements": 0,
        "percent_covered": 100.0,
        "percent_covered_display": "100",
        "missing_lines": 0,
        "excluded_lines": 0,
        "percent_statements_covered": 100.0,
        "percent_statements_covered_display": "100",
        "num_branches": 0,
        "num_partial_branches": 0,
        "covered_branches": 0,
        "missing_branches": 0,
        "percent_branches_covered": 100.0,
        "percent_branches_covered_display": "100"
      },
      "missing_lines": [],
      "excluded_lines": [],
      "executed_branches": [],
      "missing_branches": [],
      "functions": {
        "": {
          "executed_lines": [],
          "summary": {
            "covered_lines": 0,
            "num_statements": 0,
            "percent_covered": 100.0,
            "percent_covered_display": "100",
            "missing_lines": 0,
            "excluded_lines": 0,
            "percent_statements_covered": 100.0,
            "percent_statements_covered_display": "100",
            "num_branches": 0,
            "num_partial_branches": 0,
            "covered_branches": 0,
            "missing_branches": 0,
            "percent_branches_covered": 100.0,
            "percent_branches_covered_display": "100"
          },
          "missing_lines": [],
          "excluded_lines": [],
          "start_line": 1,
          "executed_branches": [],
          "missing_branches": []
        }
      },
      "classes": {
        "": {
          "executed_lines": [],
          "summary": {
            "covered_lines": 0,
            "num_statements": 0,
            "percent_covered": 100.0,
            "percent_covered_display": "100",
            "missing_lines": 0,
            "excluded_lines": 0,
            "percent_statements_covered": 100.0,
            "percent_statements_covered_display": "100",
            "num_branches": 0,
            "num_partial_branches": 0,
            "covered_branches": 0,
            "missing_branches": 0,
            "percent_branches_covered": 100.0,
            "percent_branches_covered_display": "100"
          },
          "missing_lines": [],
          "excluded_lines": [],
          "start_line": 1,
          "executed_branches": [],
          "missing_branches": []
        }
      }
    },
    "src/stallworth_nqueens/solvers/dfs/backtracking.py": {
      "executed_lines": [
        7,
        8,
        11,
        15,
        16,
        18,
        20,
        22,
        23,
        24,
        25,
        27,
        28,
        29,
        30,
        31,
        32,
        33,
        35,
        36,
        37,
        38,
        39,
        40,
        41,
        42,
        43,
        44,
        46,
        47,
        48,
        50,
        51
      ],
      "summary": {
        "covered_lines": 33,
        "num_statements": 33,
        "percent_covered": 100.0,
        "percent_covered_display": "100",
        "missing_lines": 0,
        "excluded_lines": 0,
        "percent_statements_covered": 100.0,
        "percent_statements_covered_display": "100",
        "num_branches": 8,
        "num_partial_branches": 0,
        "covered_branches": 8,
        "missing_branches": 0,
        "percent_branches_covered": 100.0,
        "percent_branches_covered_display": "100"
      },
      "missing_lines": [],
      "excluded_lines": [],
      "executed_branches": [
        [
          22,
          23
        ],
        [
          22,
          27
        ],
        [
          28,
          29
        ],
        [
          28,
          46
        ],
        [
          32,
          33
        ],
        [
          32,
          35
        ],
        [
          46,
          -18
        ],
        [
          46,
          47
        ]
      ],
      "missing_branches": [],
      "functions": {
        "solve_n_queens": {
          "executed_lines": [
            15,
            16,
            18,
            50,
            51
          ],
          "summary": {
            "covered_lines": 5,
            "num_statements": 5,
            "percent_covered": 100.0,
            "percent_covered_display": "100",
            "missing_lines": 0,
            "excluded_lines": 0,
            "percent_statements_covered": 100.0,
            "percent_statements_covered_display": "100",
            "num_branches": 0,
            "num_partial_branches": 0,
            "covered_branches": 0,
            "missing_branches": 0,
            "percent_branches_covered": 100.0,
            "percent_branches_covered_display": "100"
          },
          "missing_lines": [],
          "excluded_lines": [],
          "start_line": 11,
          "executed_branches": [],
          "missing_branches": []
        },
        "solve_n_queens.backtrack": {
          "executed_lines": [
            20,
            22,
            23,
            24,
            25,
            27,
            28,
            29,
            30,
            31,
            32,
            33,
            35,
            36,
            37,
            38,
            39,
            40,
            41,
            42,
            43,
            44,
            46,
            47,
            48
          ],
          "summary": {
            "covered_lines": 25,
            "num_statements": 25,
            "percent_covered": 100.0,
            "percent_covered_display": "100",
            "missing_lines": 0,
            "excluded_lines": 0,
            "percent_statements_covered": 100.0,
            "percent_statements_covered_display": "100",
            "num_branches": 8,
            "num_partial_branches": 0,
            "covered_branches": 8,
            "missing_branches": 0,
            "percent_branches_covered": 100.0,
            "percent_branches_covered_display": "100"
          },
          "missing_lines": [],
          "excluded_lines": [],
          "start_line": 18,
          "executed_branches": [
            [
              22,
              23
            ],
            [
              22,
              27
            ],
            [
              28,
              29
            ],
            [
              28,
              46
            ],
            [
              32,
              33
            ],
            [
              32,
              35
            ],
            [
              46,
              -18
            ],
            [
              46,
              47
            ]
          ],
          "missing_branches": []
        },
        "": {
          "executed_lines": [
            7,
            8,
            11
          ],
          "summary": {
            "covered_lines": 3,
            "num_statements": 3,
            "percent_covered": 100.0,
            "percent_covered_display": "100",
            "missing_lines": 0,
            "excluded_lines": 0,
            "percent_statements_covered": 100.0,
            "percent_statements_covered_display": "100",
            "num_branches": 0,
            "num_partial_branches": 0,
            "covered_branches": 0,
            "missing_branches": 0,
            "percent_branches_covered": 100.0,
            "percent_branches_covered_display": "100"
          },
          "missing_lines": [],
          "excluded_lines": [],
          "start_line": 1,
          "executed_branches": [],
          "missing_branches": []
        }
      },
      "classes": {
        "": {
          "executed_lines": [
            7,
            8,
            11,
            15,
            16,
            18,
            20,
            22,
            23,
            24,
            25,
            27,
            28,
            29,
            30,
            31,
            32,
            33,
            35,
            36,
            37,
            38,
            39,
            40,
            41,
            42,
            43,
            44,
            46,
            47,
            48,
            50,
            51
          ],
          "summary": {
            "covered_lines": 33,
            "num_statements": 33,
            "percent_covered": 100.0,
            "percent_covered_display": "100",
            "missing_lines": 0,
            "excluded_lines": 0,
            "percent_statements_covered": 100.0,
            "percent_statements_covered_display": "100",
            "num_branches": 8,
            "num_partial_branches": 0,
            "covered_branches": 8,
            "missing_branches": 0,
            "percent_branches_covered": 100.0,
            "percent_branches_covered_display": "100"
          },
          "missing_lines": [],
          "excluded_lines": [],
          "start_line": 1,
          "executed_branches": [
            [
              22,
              23
            ],
            [
              22,
              27
            ],
            [
              28,
              29
            ],
            [
              28,
              46
            ],
            [
              32,
              33
            ],
            [
              32,
              35
            ],
            [
              46,
              -18
            ],
            [
              46,
              47
            ]
          ],
          "missing_branches": []
        }
      }
    },
    "src/stallworth_nqueens/solvers/registry.py": {
      "executed_lines": [
        1,
        2,
        3,
        6,
        9,
        15,
        16
      ],
      "summary": {
        "covered_lines": 7,
        "num_statements": 7,
        "percent_covered": 100.0,
        "percent_covered_display": "100",
        "missing_lines": 0,
        "excluded_lines": 0,
        "percent_statements_covered": 100.0,
        "percent_statements_covered_display": "100",
        "num_branches": 0,
        "num_partial_branches": 0,
        "covered_branches": 0,
        "missing_branches": 0,
        "percent_branches_covered": 100.0,
        "percent_branches_covered_display": "100"
      },
      "missing_lines": [],
      "excluded_lines": [],
      "executed_branches": [],
      "missing_branches": [],
      "functions": {
        "get_solver_names": {
          "executed_lines": [
            16
          ],
          "summary": {
            "covered_lines": 1,
            "num_statements": 1,
            "percent_covered": 100.0,
            "percent_covered_display": "100",
            "missing_lines": 0,
            "excluded_lines": 0,
            "percent_statements_covered": 100.0,
            "percent_statements_covered_display": "100",
            "num_branches": 0,
            "num_partial_branches": 0,
            "covered_branches": 0,
            "missing_branches": 0,
            "percent_branches_covered": 100.0,
            "percent_branches_covered_display": "100"
          },
          "missing_lines": [],
          "excluded_lines": [],
          "start_line": 15,
          "executed_branches": [],
          "missing_branches": []
        },
        "": {
          "executed_lines": [
            1,
            2,
            3,
            6,
            9,
            15
          ],
          "summary": {
            "covered_lines": 6,
            "num_statements": 6,
            "percent_covered": 100.0,
            "percent_covered_display": "100",
            "missing_lines": 0,
            "excluded_lines": 0,
            "percent_statements_covered": 100.0,
            "percent_statements_covered_display": "100",
            "num_branches": 0,
            "num_partial_branches": 0,
            "covered_branches": 0,
            "missing_branches": 0,
            "percent_branches_covered": 100.0,
            "percent_branches_covered_display": "100"
          },
          "missing_lines": [],
          "excluded_lines": [],
          "start_line": 1,
          "executed_branches": [],
          "missing_branches": []
        }
      },
      "classes": {
        "": {
          "executed_lines": [
            1,
            2,
            3,
            6,
            9,
            15,
            16
          ],
          "summary": {
            "covered_lines": 7,
            "num_statements": 7,
            "percent_covered": 100.0,
            "percent_covered_display": "100",
            "missing_lines": 0,
            "excluded_lines": 0,
            "percent_statements_covered": 100.0,
            "percent_statements_covered_display": "100",
            "num_branches": 0,
            "num_partial_branches": 0,
            "covered_branches": 0,
            "missing_branches": 0,
            "percent_branches_covered": 100.0,
            "percent_branches_covered_display": "100"
          },
          "missing_lines": [],
          "excluded_lines": [],
          "start_line": 1,
          "executed_branches": [],
          "missing_branches": []
        }
      }
    }
  },
  "totals": {
    "covered_lines": 614,
    "num_statements": 734,
    "percent_covered": 84.64125560538116,
    "percent_covered_display": "85",
    "missing_lines": 120,
    "excluded_lines": 22,
    "percent_statements_covered": 83.65122615803814,
    "percent_statements_covered_display": "84",
    "num_branches": 158,
    "num_partial_branches": 11,
    "covered_branches": 141,
    "missing_branches": 17,
    "percent_branches_covered": 89.24050632911393,
    "percent_branches_covered_display": "89"
  },
  "example_provenance": {
    "subject": "Stallworth N-Queens",
    "distribution": "stallworth-nqueens",
    "version": "0.2.1",
    "source_tree_sha256": "606a77210d684fd943b3c410f48ee02611bcfa227ab59829987b52a056444edd",
    "upstream": {
      "project": "algobox",
      "read_mode": "committed-git-blobs",
      "revision": "5b54bdbc8a56d08c879d32421eb345805cc5a2f9",
      "tag": "v0.1.1",
      "tag_object": "dc68a1b22f956e08161e265c7d729ddf3241af49"
    },
    "recipe_revision": "sha256:23eaa088530a98dae4d68f8b97fcd32b135d43c890b5ddd1066d646917be866c",
    "solvers": [
      "dfs_backtracking",
      "constraint",
      "bitmask_backtracking"
    ],
    "profiles": {
      "standard": {
        "baseline_solver": "dfs_backtracking",
        "comparison_metric_groups": [
          "common",
          "search_shape",
          "constraint",
          "backtracking",
          "bitmask"
        ],
        "default_solver": "all",
        "expected_solutions": 92,
        "problem_size": 8,
        "solver_names": [
          "dfs_backtracking",
          "constraint",
          "bitmask_backtracking"
        ]
      },
      "toy": {
        "baseline_solver": "dfs_backtracking",
        "comparison_metric_groups": [
          "common"
        ],
        "default_solver": "all",
        "expected_solutions": 2,
        "problem_size": 4,
        "solver_names": [
          "dfs_backtracking",
          "constraint",
          "bitmask_backtracking"
        ]
      }
    }
  }
}
