<testsuites name="pytest tests"><testsuite name="pytest" errors="0" failures="0" skipped="0" tests="99" time="1.522" timestamp="2026-09-23T19:44:10.148958-04:00"><testcase classname="tests.integration.nqueens.test_cli" name="test_cli_prints_usage_when_arguments_are_missing" time="0.007" /><testcase classname="tests.integration.nqueens.test_cli" name="test_cli_prints_usage_for_malformed_arguments" time="0.003" /><testcase classname="tests.integration.nqueens.test_cli" name="test_cli_dispatches_all_to_execution_engine" time="0.001" /><testcase classname="tests.integration.nqueens.test_cli" name="test_cli_dispatches_single_solver_to_execution_engine" time="0.001" /><testcase classname="tests.integration.nqueens.test_cli" name="test_cli_uses_profile_defaults_and_solver_subset" time="0.001" /><testcase classname="tests.integration.nqueens.test_cli" name="test_cli_rejects_unknown_solver_with_suggestion" time="0.001" /><testcase classname="tests.integration.nqueens.test_cli" name="test_cli_exits_on_other_value_errors" time="0.001" /><testcase classname="tests.integration.nqueens.test_cli" name="test_cli_exits_on_unexpected_exception" time="0.001" /><testcase classname="tests.integration.nqueens.test_cli_contract" name="test_example_registry_and_profiles_are_explicit" time="0.001" /><testcase classname="tests.integration.nqueens.test_cli_contract" name="test_profile_cli_completes[toy]" time="0.003" /><testcase classname="tests.integration.nqueens.test_cli_contract" name="test_profile_cli_completes[standard]" time="0.143" /><testcase classname="tests.integration.nqueens.test_cli_contract" name="test_profile_solvers_agree_and_preserve_observations[toy-2]" time="0.002" /><testcase classname="tests.integration.nqueens.test_cli_contract" name="test_profile_solvers_agree_and_preserve_observations[standard-92]" time="0.145" /><testcase classname="tests.integration.nqueens.test_cli_contract" name="test_invalid_arguments_fail[arguments0]" time="0.003" /><testcase classname="tests.integration.nqueens.test_cli_contract" name="test_invalid_arguments_fail[arguments1]" time="0.002" /><testcase classname="tests.integration.nqueens.test_cli_contract" name="test_invalid_arguments_fail[arguments2]" time="0.003" /><testcase classname="tests.integration.nqueens.test_cli_contract" name="test_invalid_arguments_fail[arguments3]" time="0.002" /><testcase classname="tests.integration.nqueens.test_cli_contract" name="test_invalid_arguments_fail[arguments4]" time="0.002" /><testcase classname="tests.integration.nqueens.test_cli_contract" name="test_invalid_arguments_fail[arguments5]" time="0.002" /><testcase classname="tests.integration.nqueens.test_cli_contract" name="test_invalid_arguments_fail[arguments6]" time="0.012" /><testcase classname="tests.integration.nqueens.test_cli_contract" name="test_help_exits_successfully" time="0.004" /><testcase classname="tests.integration.nqueens.test_cli_contract" name="test_captured_solver_failure_reaches_entry_point[dfs_backtracking]" time="0.003" /><testcase classname="tests.integration.nqueens.test_cli_contract" name="test_captured_solver_failure_reaches_entry_point[all]" time="0.004" /><testcase classname="tests.integration.nqueens.test_solvers" name="test_solver_matches_known_solution_counts[1-1-bitmask_backtracking]" time="0.002" /><testcase classname="tests.integration.nqueens.test_solvers" name="test_solver_matches_known_solution_counts[1-1-constraint]" time="0.001" /><testcase classname="tests.integration.nqueens.test_solvers" name="test_solver_matches_known_solution_counts[1-1-dfs_backtracking]" time="0.001" /><testcase classname="tests.integration.nqueens.test_solvers" name="test_solver_matches_known_solution_counts[2-0-bitmask_backtracking]" time="0.001" /><testcase classname="tests.integration.nqueens.test_solvers" name="test_solver_matches_known_solution_counts[2-0-constraint]" time="0.001" /><testcase classname="tests.integration.nqueens.test_solvers" name="test_solver_matches_known_solution_counts[2-0-dfs_backtracking]" time="0.002" /><testcase classname="tests.integration.nqueens.test_solvers" name="test_solver_matches_known_solution_counts[3-0-bitmask_backtracking]" time="0.002" /><testcase classname="tests.integration.nqueens.test_solvers" name="test_solver_matches_known_solution_counts[3-0-constraint]" time="0.002" /><testcase classname="tests.integration.nqueens.test_solvers" name="test_solver_matches_known_solution_counts[3-0-dfs_backtracking]" time="0.002" /><testcase classname="tests.integration.nqueens.test_solvers" name="test_solver_matches_known_solution_counts[4-2-bitmask_backtracking]" time="0.002" /><testcase classname="tests.integration.nqueens.test_solvers" name="test_solver_matches_known_solution_counts[4-2-constraint]" time="0.003" /><testcase classname="tests.integration.nqueens.test_solvers" name="test_solver_matches_known_solution_counts[4-2-dfs_backtracking]" time="0.002" /><testcase classname="tests.integration.nqueens.test_solvers" name="test_solver_matches_known_solution_counts[5-10-bitmask_backtracking]" time="0.003" /><testcase classname="tests.integration.nqueens.test_solvers" name="test_solver_matches_known_solution_counts[5-10-constraint]" time="0.003" /><testcase classname="tests.integration.nqueens.test_solvers" name="test_solver_matches_known_solution_counts[5-10-dfs_backtracking]" time="0.002" /><testcase classname="tests.integration.nqueens.test_solvers" name="test_solver_matches_known_solution_counts[8-92-bitmask_backtracking]" time="0.028" /><testcase classname="tests.integration.nqueens.test_solvers" name="test_solver_matches_known_solution_counts[8-92-constraint]" time="0.042" /><testcase classname="tests.integration.nqueens.test_solvers" name="test_solver_matches_known_solution_counts[8-92-dfs_backtracking]" time="0.078" /><testcase classname="tests.integration.nqueens.test_solvers" name="test_solver_collects_common_search_metrics[bitmask_backtracking]" time="0.001" /><testcase classname="tests.integration.nqueens.test_solvers" name="test_solver_collects_common_search_metrics[constraint]" time="0.001" /><testcase classname="tests.integration.nqueens.test_solvers" name="test_solver_collects_common_search_metrics[dfs_backtracking]" time="0.001" /><testcase classname="tests.integration.nqueens.test_solvers" name="test_solver_collects_declared_capability_metric_contracts[dfs_backtracking-expected_groups0]" time="0.001" /><testcase classname="tests.integration.nqueens.test_solvers" name="test_solver_collects_declared_capability_metric_contracts[constraint-expected_groups1]" time="0.001" /><testcase classname="tests.integration.nqueens.test_solvers" name="test_solver_collects_declared_capability_metric_contracts[bitmask_backtracking-expected_groups2]" time="0.001" /><testcase classname="tests.unit.common.benchmarking.test_common_metrics" name="test_common_execution_metrics_projects_only_demonstrated_fields" time="0.002" /><testcase classname="tests.unit.common.benchmarking.test_runner" name="test_run_benchmark_times_adapter_and_converts_result" time="0.001" /><testcase classname="tests.unit.common.benchmarking.test_runner" name="test_run_benchmarks_sorts_and_annotates_speedups" time="0.001" /><testcase classname="tests.unit.common.benchmarking.test_runner" name="test_run_benchmark_captures_unhandled_adapter_failure" time="0.001" /><testcase classname="tests.unit.common.benchmarking.test_runner" name="test_run_benchmarks_continues_after_solver_failure" time="0.001" /><testcase classname="tests.unit.common.benchmarking.test_runner" name="test_run_benchmarks_ranks_successes_and_leaves_failures_unranked" time="0.001" /><testcase classname="tests.unit.common.test_logging" name="test_format_unexpected_error_includes_type_and_message" time="0.001" /><testcase classname="tests.unit.common.test_logging" name="test_format_unexpected_error_preserves_key_error_without_extra_quotes" time="0.001" /><testcase classname="tests.unit.nqueens.test_args" name="test_build_args_parses_required_values" time="0.002" /><testcase classname="tests.unit.nqueens.test_args" name="test_build_args_parses_optional_log_level" time="0.001" /><testcase classname="tests.unit.nqueens.test_args" name="test_build_args_uses_profile_defaults" time="0.001" /><testcase classname="tests.unit.nqueens.test_args" name="test_format_usage_lists_available_solvers" time="0.001" /><testcase classname="tests.unit.nqueens.test_benchmark_adapter" name="test_find_sample_solution_returns_valid_board_for_solvable_size" time="0.001" /><testcase classname="tests.unit.nqueens.test_benchmark_adapter" name="test_find_sample_solution_returns_none_when_unsolvable" time="0.001" /><testcase classname="tests.unit.nqueens.test_benchmark_adapter" name="test_adapter_runs_registered_solver" time="0.001" /><testcase classname="tests.unit.nqueens.test_benchmark_adapter" name="test_capability_contract_versions_are_independent_and_ordered" time="0.000" /><testcase classname="tests.unit.nqueens.test_benchmark_adapter" name="test_adapter_rejects_unknown_solver" time="0.002" /><testcase classname="tests.unit.nqueens.test_benchmark_adapter" name="test_adapter_converts_raw_result_to_benchmark_result" time="0.001" /><testcase classname="tests.unit.nqueens.test_benchmark_adapter" name="test_adapter_converts_instrumented_solver_result" time="0.001" /><testcase classname="tests.unit.nqueens.test_benchmark_adapter" name="test_adapter_serializes_only_observed_capability_metric_groups" time="0.001" /><testcase classname="tests.unit.nqueens.test_benchmark_adapter" name="test_adapter_captures_failure_with_partial_metrics" time="0.001" /><testcase classname="tests.unit.nqueens.test_board" name="test_board_from_columns_sets_size_and_positions" time="0.001" /><testcase classname="tests.unit.nqueens.test_board" name="test_board_detects_valid_solution" time="0.001" /><testcase classname="tests.unit.nqueens.test_board" name="test_board_detects_invalid_solution" time="0.001" /><testcase classname="tests.unit.nqueens.test_board" name="test_board_renders_ascii" time="0.000" /><testcase classname="tests.unit.nqueens.test_board" name="test_board_rejects_large_ascii_visualization" time="0.002" /><testcase classname="tests.unit.nqueens.test_board" name="test_board_rejects_out_of_bounds_columns" time="0.002" /><testcase classname="tests.unit.nqueens.test_execution" name="test_collect_single_returns_result_metadata" time="0.001" /><testcase classname="tests.unit.nqueens.test_execution" name="test_collect_single_with_timer_prints_status_line" time="0.103" /><testcase classname="tests.unit.nqueens.test_execution" name="test_collect_single_captures_solver_failure_with_partial_metrics" time="0.001" /><testcase classname="tests.unit.nqueens.test_execution" name="test_collect_all_sorts_results_and_computes_speedups" time="0.001" /><testcase classname="tests.unit.nqueens.test_execution" name="test_collect_all_uses_best_time_when_baseline_is_missing" time="0.001" /><testcase classname="tests.unit.nqueens.test_execution" name="test_runner_execute_solver_dispatches_to_registered_solver" time="0.001" /><testcase classname="tests.unit.nqueens.test_execution" name="test_runner_execute_all_delegates_to_collect_all" time="0.001" /><testcase classname="tests.unit.nqueens.test_execution" name="test_runner_execute_all_uses_selected_solver_names" time="0.001" /><testcase classname="tests.unit.nqueens.test_execution" name="test_engine_execute_runs_all" time="0.001" /><testcase classname="tests.unit.nqueens.test_execution" name="test_engine_execute_runs_single_solver" time="0.001" /><testcase classname="tests.unit.nqueens.test_execution" name="test_engine_execute_validates_inputs" time="0.002" /><testcase classname="tests.unit.nqueens.test_profiles" name="test_get_profile_names_lists_registered_profiles" time="0.001" /><testcase classname="tests.unit.nqueens.test_profiles" name="test_get_profile_returns_named_profile" time="0.001" /><testcase classname="tests.unit.nqueens.test_profiles" name="test_get_profile_rejects_unknown_name" time="0.002" /><testcase classname="tests.unit.nqueens.test_reporting" name="test_display_usage_logs_usage_lines" time="0.001" /><testcase classname="tests.unit.nqueens.test_reporting" name="test_display_run_header_prints_problem_size" time="0.001" /><testcase classname="tests.unit.nqueens.test_reporting" name="test_display_unknown_solver_prints_suggestion_and_solver_list" time="0.001" /><testcase classname="tests.unit.nqueens.test_reporting" name="test_display_unexpected_error_prints_message" time="0.001" /><testcase classname="tests.unit.nqueens.test_reporting" name="test_display_single_result_prints_solver_summary" time="0.001" /><testcase classname="tests.unit.nqueens.test_reporting" name="test_display_single_result_handles_missing_sample_solution" time="0.001" /><testcase classname="tests.unit.nqueens.test_reporting" name="test_display_single_result_reports_captured_failure" time="0.001" /><testcase classname="tests.unit.nqueens.test_reporting" name="test_display_benchmark_results_prints_table" time="0.001" /><testcase classname="tests.unit.nqueens.test_reporting" name="test_speedup_value_marks_positive_values_below_display_precision" time="0.000" /><testcase classname="tests.unit.nqueens.test_reporting" name="test_display_all_results_iterates_single_results" time="0.001" /><testcase classname="tests.unit.nqueens.test_reporting" name="test_display_execution_result_routes_single_and_all" time="0.001" /></testsuite></testsuites>